<?xml version="1.0" encoding="UTF-8"?>
<!-- Generated by org.testng.reporters.JUnitReportReporter -->
<testsuite skipped="0" hostname="user-PC" name="InterviewJavaQ.OccuranceOfCharacter" tests="3" failures="0" timestamp="07 Apr 2019 17:39:47 GMT" time="0.032" errors="0">
  <testcase name="main" time="0.000" classname="InterviewJavaQ.OccuranceOfCharacter"/>
  <testcase name="occuranceOfString" time="0.032" classname="InterviewJavaQ.OccuranceOfCharacter"/>
  <testcase name="occurance" time="0.000" classname="InterviewJavaQ.OccuranceOfCharacter"/>
</testsuite> <!-- InterviewJavaQ.OccuranceOfCharacter -->
