<?xml version="1.0" encoding="UTF-8"?>
<!-- Generated by org.testng.reporters.JUnitReportReporter -->
<testsuite skipped="0" hostname="user-PC" name="Week5.day1.MouseExp" tests="1" failures="0" timestamp="09 Mar 2019 05:44:09 GMT" time="142.356" errors="0">
  <testcase name="mouseExp" time="142.356" classname="Week5.day1.MouseExp"/>
</testsuite> <!-- Week5.day1.MouseExp -->
