<?xml version="1.0" encoding="UTF-8"?>
<!-- Generated by org.testng.reporters.JUnitReportReporter -->
<testsuite skipped="0" hostname="user-PC" name="leafground.EditExp" tests="1" failures="0" timestamp="12 Apr 2019 06:08:45 GMT" time="31.432" errors="0">
  <testcase name="edit" time="31.432" classname="leafground.EditExp"/>
</testsuite> <!-- leafground.EditExp -->
