<?xml version="1.0" encoding="UTF-8"?>
<!-- Generated by org.testng.reporters.JUnitReportReporter -->
<testsuite skipped="0" hostname="user-PC" name="Week5.day1.Linkexp" tests="1" failures="0" timestamp="09 Mar 2019 15:31:34 GMT" time="51.200" errors="0">
  <testcase name="linkExp" time="51.200" classname="Week5.day1.Linkexp"/>
</testsuite> <!-- Week5.day1.Linkexp -->
