<?xml version="1.0" encoding="UTF-8"?>
<!-- Generated by org.testng.reporters.JUnitReportReporter -->
<testsuite skipped="0" hostname="user-PC" name="Week5.day1.EditExp" tests="2" failures="0" timestamp="09 Mar 2019 15:31:34 GMT" time="117.214" errors="0">
  <testcase name="editExp" time="83.296" classname="Week5.day1.EditExp"/>
  <testcase name="linkExp" time="33.918" classname="Week5.day1.EditExp"/>
</testsuite> <!-- Week5.day1.EditExp -->
