<?xml version="1.0" encoding="UTF-8"?>
<!-- Generated by org.testng.reporters.JUnitReportReporter -->
<testsuite skipped="0" hostname="user-PC" name="leafground.DropDown" tests="1" failures="0" timestamp="02 May 2019 17:27:45 GMT" time="16.205" errors="0">
  <testcase name="alertt" time="16.205" classname="leafground.DropDown"/>
</testsuite> <!-- leafground.DropDown -->
