<?xml version="1.0" encoding="UTF-8"?>
<!-- Generated by org.testng.reporters.JUnitReportReporter -->
<testsuite skipped="0" hostname="user-PC" name="wweek5.day2.DeleteLead" tests="1" failures="0" timestamp="09 Mar 2019 18:58:08 GMT" time="24.701" errors="0">
  <testcase name="deleteLeadTest" time="24.701" classname="wweek5.day2.DeleteLead"/>
</testsuite> <!-- wweek5.day2.DeleteLead -->
