<?xml version="1.0" encoding="UTF-8"?>
<!-- Generated by org.testng.reporters.JUnitReportReporter -->
<testsuite skipped="0" hostname="user-PC" name="wweek5.day2.DuplicateLead" tests="1" failures="0" timestamp="09 Mar 2019 18:58:08 GMT" time="39.110" errors="0">
  <testcase name="duplicateLeadTest" time="39.110" classname="wweek5.day2.DuplicateLead"/>
</testsuite> <!-- wweek5.day2.DuplicateLead -->
