<?xml version="1.0" encoding="UTF-8"?>
<!-- Generated by org.testng.reporters.JUnitReportReporter -->
<testsuite skipped="0" hostname="user-PC" name="wweek5.day2.MergeLead" tests="2" failures="0" timestamp="10 Mar 2019 04:04:52 GMT" time="27.520" errors="0">
  <testcase name="mergeLeadTest" time="17.878" classname="wweek5.day2.MergeLead"/>
  <testcase name="createLeadTest" time="9.642" classname="wweek5.day2.MergeLead"/>
</testsuite> <!-- wweek5.day2.MergeLead -->
