<?xml version="1.0" encoding="UTF-8"?>
<!-- Generated by org.testng.reporters.JUnitReportReporter -->
<testsuite skipped="0" hostname="user-PC" name="Week5.day1.TablesJag" tests="1" failures="0" timestamp="09 Mar 2019 04:32:02 GMT" time="80.823" errors="0">
  <testcase name="tablejags" time="80.823" classname="Week5.day1.TablesJag"/>
</testsuite> <!-- Week5.day1.TablesJag -->
