<?xml version="1.0" encoding="UTF-8"?>
<!-- Generated by org.testng.reporters.JUnitReportReporter -->
<testsuite skipped="0" hostname="user-PC" name="leafground.Buttons" tests="1" failures="0" timestamp="12 Apr 2019 04:36:55 GMT" time="19.057" errors="0">
  <testcase name="buttons" time="19.057" classname="leafground.Buttons"/>
</testsuite> <!-- leafground.Buttons -->
