<?xml version="1.0" encoding="UTF-8"?>
<!-- Generated by org.testng.reporters.JUnitReportReporter -->
<testsuite skipped="0" hostname="user-PC" name="leafground.Alertss" tests="1" failures="0" timestamp="12 Apr 2019 18:38:15 GMT" time="65.904" errors="0">
  <testcase name="alertt" time="65.904" classname="leafground.Alertss"/>
</testsuite> <!-- leafground.Alertss -->
