<?xml version="1.0" encoding="UTF-8"?>
<!-- Generated by org.testng.reporters.JUnitReportReporter -->
<testsuite skipped="0" hostname="user-PC" name="InterviewJavaQ.ReverseString" tests="3" failures="0" timestamp="07 Apr 2019 17:07:39 GMT" time="0.016" errors="0">
  <testcase name="reverseUsingStringBuilder" time="0.016" classname="InterviewJavaQ.ReverseString"/>
  <testcase name="reverseUsingCharacter" time="0.000" classname="InterviewJavaQ.ReverseString"/>
  <testcase name="reverseUsingCharAt" time="0.000" classname="InterviewJavaQ.ReverseString"/>
</testsuite> <!-- InterviewJavaQ.ReverseString -->
