<?xml version="1.0" encoding="UTF-8"?>
<!-- Generated by org.testng.reporters.JUnitReportReporter -->
<testsuite skipped="0" hostname="user-PC" name="javaPractice.PrintingTriangle" tests="3" failures="0" timestamp="12 Apr 2019 09:13:17 GMT" time="0.021" errors="0">
  <testcase name="printTriangle" time="0.016" classname="javaPractice.PrintingTriangle"/>
  <testcase name="printingStar" time="0.002" classname="javaPractice.PrintingTriangle"/>
  <testcase name="printNumber" time="0.003" classname="javaPractice.PrintingTriangle"/>
</testsuite> <!-- javaPractice.PrintingTriangle -->
