<?xml version="1.0" encoding="UTF-8"?>
<!-- Generated by org.testng.reporters.JUnitReportReporter -->
<testsuite skipped="0" hostname="user-PC" name="InterviewJavaQ.RemoveDuplicates" tests="4" failures="0" timestamp="12 Apr 2019 09:40:56 GMT" time="0.028" errors="0">
  <testcase name="usingSET" time="0.007" classname="InterviewJavaQ.RemoveDuplicates"/>
  <testcase name="usingSet" time="0.013" classname="InterviewJavaQ.RemoveDuplicates"/>
  <testcase name="usingArraysSort" time="0.005" classname="InterviewJavaQ.RemoveDuplicates"/>
  <testcase name="usingForLoop" time="0.003" classname="InterviewJavaQ.RemoveDuplicates"/>
</testsuite> <!-- InterviewJavaQ.RemoveDuplicates -->
