<?xml version="1.0" encoding="UTF-8"?>
<!-- Generated by org.testng.reporters.JUnitReportReporter -->
<testsuite skipped="0" hostname="user-PC" name="InterviewJavaQ.PrintingTriangle" tests="2" failures="0" timestamp="31 Mar 2019 09:49:56 GMT" time="0.021" errors="0">
  <testcase name="printingStar" time="0.008" classname="InterviewJavaQ.PrintingTriangle"/>
  <testcase name="printNumber" time="0.013" classname="InterviewJavaQ.PrintingTriangle"/>
</testsuite> <!-- InterviewJavaQ.PrintingTriangle -->
