<?xml version="1.0" encoding="UTF-8"?>
<!-- Generated by org.testng.reporters.JUnitReportReporter -->
<testsuite skipped="0" hostname="user-PC" name="TestCases.CreateLead" tests="1" failures="0" timestamp="16 Mar 2019 12:04:59 GMT" time="22.843" errors="0">
  <testcase name="createLeadTest" time="22.843" classname="TestCases.CreateLead"/>
</testsuite> <!-- TestCases.CreateLead -->
