<?xml version="1.0" encoding="UTF-8"?>
<!-- Generated by org.testng.reporters.JUnitReportReporter -->
<testsuite skipped="0" hostname="user-PC" name="Week5.day1.Buttons" tests="1" failures="0" timestamp="09 Mar 2019 15:31:34 GMT" time="26.621" errors="0">
  <testcase name="buttonTest" time="26.621" classname="Week5.day1.Buttons"/>
</testsuite> <!-- Week5.day1.Buttons -->
