<?xml version="1.0" encoding="UTF-8"?>
<!-- Generated by org.testng.reporters.JUnitReportReporter -->
<testsuite skipped="0" hostname="user-PC" name="wweek5.day2.EditLead" tests="1" failures="0" timestamp="09 Mar 2019 18:58:08 GMT" time="26.619" errors="0">
  <testcase name="editLeadTest" time="26.619" classname="wweek5.day2.EditLead"/>
</testsuite> <!-- wweek5.day2.EditLead -->
