<?xml version="1.0" encoding="UTF-8"?>
<!-- Generated by org.testng.reporters.JUnitReportReporter -->
<testsuite skipped="0" hostname="user-PC" name="leafground.framess" tests="2" failures="0" timestamp="12 Apr 2019 06:08:45 GMT" time="141.109" errors="0">
  <testcase name="frame" time="70.556" classname="leafground.framess"/>
  <testcase name="frame" time="70.553" classname="leafground.framess"/>
</testsuite> <!-- leafground.framess -->
