<?xml version="1.0" encoding="UTF-8"?>
<!-- Generated by org.testng.reporters.JUnitReportReporter -->
<testsuite skipped="0" hostname="user-PC" name="runner.LoginUsingCucumber" tests="2" failures="0" timestamp="22 Apr 2019 11:33:23 GMT" time="47.999" errors="0">
  <testcase name="runScenario" time="30.035" classname="runner.LoginUsingCucumber"/>
  <testcase name="runScenario" time="17.964" classname="runner.LoginUsingCucumber"/>
</testsuite> <!-- runner.LoginUsingCucumber -->
