<?xml version="1.0" encoding="UTF-8"?>
<!-- Generated by org.testng.reporters.JUnitReportReporter -->
<testsuite skipped="0" hostname="user-PC" name="com.yalla.testcases.TC001_LoginAndLogout" tests="2" failures="0" timestamp="25 Mar 2019 16:35:51 GMT" time="57.003" errors="0">
  <testcase name="loginAndLogout" time="18.938" classname="com.yalla.testcases.TC001_LoginAndLogout"/>
  <testcase name="loginAndLogout" time="38.065" classname="com.yalla.testcases.TC001_LoginAndLogout"/>
</testsuite> <!-- com.yalla.testcases.TC001_LoginAndLogout -->
