<?xml version="1.0" encoding="UTF-8"?>
<!-- Generated by org.testng.reporters.JUnitReportReporter -->
<testsuite skipped="0" hostname="user-PC" name="testcases.TC002_Delete_Lead" tests="1" failures="0" timestamp="22 Apr 2019 11:06:29 GMT" time="82.554" errors="0">
  <testcase name="Delete_Create" time="82.554" classname="testcases.TC002_Delete_Lead"/>
</testsuite> <!-- testcases.TC002_Delete_Lead -->
