<?xml version="1.0" encoding="UTF-8"?>
<!-- Generated by org.testng.reporters.JUnitReportReporter -->
<testsuite skipped="0" hostname="user-PC" name="testcases.TC001_Create_Lead" tests="2" failures="0" timestamp="22 Apr 2019 11:06:29 GMT" time="152.704" errors="0">
  <testcase name="LoginAndCreate" time="70.270" classname="testcases.TC001_Create_Lead"/>
  <testcase name="LoginAndCreated" time="82.434" classname="testcases.TC001_Create_Lead"/>
</testsuite> <!-- testcases.TC001_Create_Lead -->
