<?xml version="1.0" encoding="UTF-8"?>
<!-- Generated by org.testng.reporters.JUnitReportReporter -->
<testsuite skipped="0" hostname="user-PC" name="RunnerCucumber.Runtest" tests="2" failures="0" timestamp="22 Apr 2019 10:20:46 GMT" time="97.827" errors="0">
  <testcase name="runScenario" time="37.840" classname="RunnerCucumber.Runtest"/>
  <testcase name="runScenario" time="59.987" classname="RunnerCucumber.Runtest"/>
</testsuite> <!-- RunnerCucumber.Runtest -->
