<?xml version="1.0" encoding="UTF-8"?>
<!-- Generated by org.testng.reporters.JUnitReportReporter -->
<testsuite skipped="0" hostname="user-PC" name="com.yalla.testcases.TC001_CreateLead" tests="1" failures="0" timestamp="23 Mar 2019 11:58:42 GMT" time="56.856" errors="0">
  <testcase name="loginAndLogout" time="56.856" classname="com.yalla.testcases.TC001_CreateLead"/>
</testsuite> <!-- com.yalla.testcases.TC001_CreateLead -->
